<?xml version="1.0" encoding="UTF-8"?>
<testsuites name="Mocha Tests" time="1.548" tests="2" failures="0">
  <testsuite name="Root Suite" timestamp="2018-04-02T20:18:33" tests="0" failures="0" time="0">
  </testsuite>
  <testsuite name="Add todo item" timestamp="2018-04-02T20:18:33" tests="2" file="/Users/xin.chen/code/selenium-webdriverjs-example/demoApps/todoApp/tests/addTodo.test.js" failures="0" time="1.548">
    <testcase name="Add todo item should not add anything when add item content is empty" time="1.012" classname="should not add anything when add item content is empty">
    </testcase>
    <testcase name="Add todo item should add todo list to todo items when fill in content and click on add item button" time="0.536" classname="should add todo list to todo items when fill in content and click on add item button">
    </testcase>
  </testsuite>
</testsuites>